<?xml version="1.0" encoding="UTF-8"?>
<testsuite xmlns:xsi="http://www.w3.org/2001/XMLSchema-instance" xsi:noNamespaceSchemaLocation="https://maven.apache.org/surefire/maven-surefire-plugin/xsd/surefire-test-report.xsd" version="3.0.2" name="tqs.start.TqsStackTests" time="0.113" tests="8" errors="0" skipped="0" failures="0">
  <properties>
[...]
</properties>
  <testcase name="testStackPushPop" classname="tqs.start.TqsStackTests" time="0.04"/>
  <testcase name="testStackSizeNotEmpty" classname="tqs.start.TqsStackTests" time="0.002"/>
  <testcase name="testStackPushPopMultiple" classname="tqs.start.TqsStackTests" time="0.004"/>
  <testcase name="testStackPeekEmptyException" classname="tqs.start.TqsStackTests" time="0.004"/>
  <testcase name="testStackSizeOnConstruction" classname="tqs.start.TqsStackTests" time="0.003"/>
  <testcase name="testStackEmptyOnConstruction" classname="tqs.start.TqsStackTests" time="0.0"/>
  <testcase name="testStackPushPeek" classname="tqs.start.TqsStackTests" time="0.006"/>
  <testcase name="testStackPopEmptyException" classname="tqs.start.TqsStackTests" time="0.005"/>
</testsuite>